<?xml version="1.0" encoding="UTF-8"?>
<testng-results ignored="0" total="1" passed="1" failed="0" skipped="0">
  <reporter-output>
  </reporter-output>
  <suite started-at="2019-12-01T07:21:42Z" name="Default suite" finished-at="2019-12-01T07:22:28Z" duration-ms="45595">
    <groups>
    </groups>
    <test started-at="2019-12-01T07:21:42Z" name="Default test" finished-at="2019-12-01T07:22:28Z" duration-ms="45595">
      <class name="com.AppiumFramework.script.SIVVI">
        <test-method signature="sivviScript()[pri:0, instance:com.AppiumFramework.script.SIVVI@74e52303]" started-at="2019-12-01T07:21:42Z" name="sivviScript" finished-at="2019-12-01T07:22:28Z" duration-ms="45559" status="PASS">
          <reporter-output>
          </reporter-output>
        </test-method> <!-- sivviScript -->
      </class> <!-- com.AppiumFramework.script.SIVVI -->
    </test> <!-- Default test -->
  </suite> <!-- Default suite -->
</testng-results>
