<?xml version="1.0" encoding="UTF-8"?>
<testng-results ignored="0" total="1" passed="1" failed="0" skipped="0">
  <reporter-output>
  </reporter-output>
  <suite started-at="2020-02-05T05:35:32Z" name="Default suite" finished-at="2020-02-05T05:36:47Z" duration-ms="75164">
    <groups>
    </groups>
    <test started-at="2020-02-05T05:35:32Z" name="Default test" finished-at="2020-02-05T05:36:47Z" duration-ms="75164">
      <class name="com.AppiumFramework.script.Calendar">
        <test-method signature="main()[pri:0, instance:com.AppiumFramework.script.Calendar@55b7a4e0]" started-at="2020-02-05T05:35:32Z" name="main" finished-at="2020-02-05T05:36:47Z" duration-ms="75106" status="PASS">
          <reporter-output>
          </reporter-output>
        </test-method> <!-- main -->
      </class> <!-- com.AppiumFramework.script.Calendar -->
    </test> <!-- Default test -->
  </suite> <!-- Default suite -->
</testng-results>
